0001_0010_0010_0060_0060.jpg 1 10 10 60 60
0002_0011_0031_0042_0042.jpg 1 11 31 42 42
0003_0019_0011_0051_0051.jpg 1 19 11 51 51
0004_0013_0006_0058_0058.jpg 1 13 6 58 58
0005_0013_0027_0050_0050.jpg 1 13 27 50 50
0006_0032_0006_0047_0047.jpg 1 32 6 47 47
0007_0012_0024_0065_0065.jpg 1 12 24 65 65
0008_0046_0042_0032_0032.jpg 1 46 42 32 32
0009_0022_0016_0064_0064.jpg 1 22 16 64 64
0010_0028_0021_0061_0061.jpg 1 28 21 61 61
0011_0015_0027_0054_0054.jpg 1 15 27 54 54
0012_0012_0025_0055_0055.jpg 1 12 25 55 55
0013_0041_0036_0024_0024.jpg 1 41 36 24 24
0014_0029_0011_0031_0031.jpg 1 29 11 31 31
0015_0040_0012_0042_0042.jpg 1 40 12 42 42
0016_0033_0040_0031_0031.jpg 1 33 40 31 31
0017_0017_0005_0069_0069.jpg 1 17 5 69 69
0018_0011_0019_0059_0059.jpg 1 11 19 59 59
0019_0031_0044_0030_0030.jpg 1 31 44 30 30
0020_0025_0012_0068_0068.jpg 1 25 12 68 68
0021_0007_0029_0063_0063.jpg 1 7 29 63 63
0022_0037_0010_0033_0033.jpg 1 37 10 33 33
0023_0014_0017_0045_0045.jpg 1 14 17 45 45
0024_0013_0025_0067_0067.jpg 1 13 25 67 67
0025_0010_0027_0063_0063.jpg 1 10 27 63 63
0026_0010_0015_0064_0064.jpg 1 10 15 64 64
0027_0010_0010_0027_0027.jpg 1 10 10 27 27
0028_0013_0010_0065_0065.jpg 1 13 10 65 65
0029_0018_0030_0061_0061.jpg 1 18 30 61 61
0030_0018_0009_0050_0050.jpg 1 18 9 50 50
0031_0026_0013_0066_0066.jpg 1 26 13 66 66
0032_0017_0025_0057_0057.jpg 1 17 25 57 57
0033_0019_0004_0064_0064.jpg 1 19 4 64 64
0034_0036_0040_0049_0049.jpg 1 36 40 49 49
0035_0043_0041_0040_0040.jpg 1 43 41 40 40
